0 info it worked if it ends with ok
1 verbose cli [ 'D:\\Program Files\\nodejs\\node.exe',
1 verbose cli   'D:\\Program Files\\nodejs\\node_modules\\npm\\bin\\npm-cli.js',
1 verbose cli   'start' ]
2 info using npm@3.10.10
3 info using node@v9.9.0
4 verbose run-script [ 'prestart', 'start', 'poststart' ]
5 info lifecycle hello-koa2@1.0.0~prestart: hello-koa2@1.0.0
6 silly lifecycle hello-koa2@1.0.0~prestart: no script for prestart, continuing
7 info lifecycle hello-koa2@1.0.0~start: hello-koa2@1.0.0
8 verbose lifecycle hello-koa2@1.0.0~start: unsafe-perm in lifecycle true
9 verbose lifecycle hello-koa2@1.0.0~start: PATH: D:\Program Files\nodejs\node_modules\npm\bin\node-gyp-bin;F:\StephonBlog\sbbe\node_modules\.bin;C:\ProgramData\Oracle\Java\javapath;C:\Windows\system32;C:\Windows;C:\Windows\System32\Wbem;C:\Windows\System32\WindowsPowerShell\v1.0\;C:\wzypath;C:\Program Files\Microsoft\Web Platform Installer\;C:\Program Files (x86)\Microsoft ASP.NET\ASP.NET Web Pages\v1.0\;C:\Program Files\TortoiseSVN\bin;D:\Program Files\nodejs;D:\Program Files\nodejs\node_global;C:\Program Files (x86)\Microsoft SQL Server\100\Tools\Binn\;C:\Program Files\Microsoft SQL Server\100\Tools\Binn\;C:\Program Files\Microsoft SQL Server\100\DTS\Binn\;C:\Program Files (x86)\Microsoft SQL Server\100\Tools\Binn\VSShell\Common7\IDE\;C:\Program Files (x86)\Microsoft Visual Studio 9.0\Common7\IDE\PrivateAssemblies\;C:\Program Files (x86)\Microsoft SQL Server\100\DTS\Binn\;C:\Program Files\TortoiseGit\bin;C:\Program Files\Microsoft SQL Server\130\Tools\Binn\;C:\Program Files\dotnet\;c:\Program Files\Git\cmd;D:\Program Files\Java\jdk1.8.0_141\bin;D:\Program Files\Java\jdk1.8.0_141\jre\bin;C:\Program Files (x86)\Python2.7\python.exe;F:\jump\adb;C:\Program Files\Microsoft SQL Server\110\DTS\Binn\;C:\Program Files (x86)\Microsoft SQL Server\110\Tools\Binn\;C:\Program Files\Microsoft SQL Server\110\Tools\Binn\;C:\Program Files (x86)\Microsoft SQL Server\110\Tools\Binn\ManagementStudio\;C:\Program Files (x86)\Microsoft Visual Studio 10.0\Common7\IDE\PrivateAssemblies\;C:\Program Files (x86)\Microsoft SQL Server\110\DTS\Binn\;C:\wzypath;C:\Users\Administrator.WZY\AppData\Local\Programs\Python\Python36-32;D:\Program Files\MySQL\MySQL Server 5.7\bin;C:\Program Files\MySQL\MySQL Utilities 1.6\;C:\Users\Administrator.WZY\AppData\Local\Programs\Python\Python36-32\Scripts\;C:\Users\Administrator.WZY\AppData\Local\Programs\Python\Python36-32\;C:\Program Files\Microsoft VS Code\bin
10 verbose lifecycle hello-koa2@1.0.0~start: CWD: F:\StephonBlog\sbbe
11 silly lifecycle hello-koa2@1.0.0~start: Args: [ '/d /s /c', 'node app.js' ]
12 silly lifecycle hello-koa2@1.0.0~start: Returned: code: 1  signal: null
13 info lifecycle hello-koa2@1.0.0~start: Failed to exec start script
14 verbose stack Error: hello-koa2@1.0.0 start: `node app.js`
14 verbose stack Exit status 1
14 verbose stack     at EventEmitter.<anonymous> (D:\Program Files\nodejs\node_modules\npm\lib\utils\lifecycle.js:255:16)
14 verbose stack     at EventEmitter.emit (events.js:180:13)
14 verbose stack     at ChildProcess.<anonymous> (D:\Program Files\nodejs\node_modules\npm\lib\utils\spawn.js:40:14)
14 verbose stack     at ChildProcess.emit (events.js:180:13)
14 verbose stack     at maybeClose (internal/child_process.js:936:16)
14 verbose stack     at Process.ChildProcess._handle.onexit (internal/child_process.js:220:5)
15 verbose pkgid hello-koa2@1.0.0
16 verbose cwd F:\StephonBlog\sbbe
17 error Windows_NT 6.1.7601
18 error argv "D:\\Program Files\\nodejs\\node.exe" "D:\\Program Files\\nodejs\\node_modules\\npm\\bin\\npm-cli.js" "start"
19 error node v9.9.0
20 error npm  v3.10.10
21 error code ELIFECYCLE
22 error hello-koa2@1.0.0 start: `node app.js`
22 error Exit status 1
23 error Failed at the hello-koa2@1.0.0 start script 'node app.js'.
23 error Make sure you have the latest version of node.js and npm installed.
23 error If you do, this is most likely a problem with the hello-koa2 package,
23 error not with npm itself.
23 error Tell the author that this fails on your system:
23 error     node app.js
23 error You can get information on how to open an issue for this project with:
23 error     npm bugs hello-koa2
23 error Or if that isn't available, you can get their info via:
23 error     npm owner ls hello-koa2
23 error There is likely additional logging output above.
24 verbose exit [ 1, true ]
